Added Component: Designator=DSC1(DSC6011JE1A-020.0000TCT-ND)
Add component. Clean all parameters for all variants
Added Pin To Net: NetName=3V3 Pin=1-5
Added Pin To Net: NetName=3V3 Pin=C1-2
Added Pin To Net: NetName=3V3 Pin=C2-2
Added Pin To Net: NetName=3V3 Pin=C3-2
Added Pin To Net: NetName=3V3 Pin=C4-2
Added Pin To Net: NetName=3V3 Pin=C5-2
Added Pin To Net: NetName=3V3 Pin=C6-2
Added Pin To Net: NetName=3V3 Pin=C7-2
Added Pin To Net: NetName=3V3 Pin=C8-2
Added Pin To Net: NetName=3V3 Pin=C9-2
Added Pin To Net: NetName=3V3 Pin=J1-5
Added Pin To Net: NetName=3V3 Pin=P1-1
Added Pin To Net: NetName=3V3 Pin=R1-1
Added Pin To Net: NetName=3V3 Pin=R2-1
Added Pin To Net: NetName=3V3 Pin=R3-1
Added Pin To Net: NetName=3V3 Pin=R4-1
Added Pin To Net: NetName=3V3 Pin=R5-2
Added Pin To Net: NetName=3V3 Pin=R8-2
Added Pin To Net: NetName=3V3 Pin=R9-1
Added Pin To Net: NetName=3V3 Pin=R10-1
Added Pin To Net: NetName=3V3 Pin=R11-2
Added Pin To Net: NetName=3V3 Pin=R12-2
Added Pin To Net: NetName=3V3 Pin=R13-2
Added Pin To Net: NetName=3V3 Pin=R14-2
Added Pin To Net: NetName=3V3 Pin=R15-1
Added Pin To Net: NetName=3V3 Pin=R16-1
Added Pin To Net: NetName=3V3 Pin=R17-1
Added Pin To Net: NetName=3V3 Pin=R18-1
Added Pin To Net: NetName=3V3 Pin=R19-1
Added Pin To Net: NetName=3V3 Pin=R20-1
Added Pin To Net: NetName=3V3 Pin=R21-1
Added Pin To Net: NetName=3V3 Pin=U1-1
Added Pin To Net: NetName=3V3 Pin=U1-13
Added Pin To Net: NetName=3V3 Pin=U1-19
Added Pin To Net: NetName=3V3 Pin=U1-32
Added Pin To Net: NetName=3V3 Pin=U1-48
Added Pin To Net: NetName=3V3 Pin=U1-64
Added Net: Name=3V3
Added Pin To Net: NetName=ACC1 Pin=EAW1-1
Added Pin To Net: NetName=ACC1 Pin=R16-2
Added Pin To Net: NetName=ACC1 Pin=U1-39
Added Net: Name=ACC1
Added Pin To Net: NetName=ACC2 Pin=EAW1-2
Added Pin To Net: NetName=ACC2 Pin=R15-2
Added Pin To Net: NetName=ACC2 Pin=U1-40
Added Net: Name=ACC2
Added Pin To Net: NetName=ACC3 Pin=EAW1-3
Added Pin To Net: NetName=ACC3 Pin=R14-1
Added Pin To Net: NetName=ACC3 Pin=U1-51
Added Net: Name=ACC3
Added Pin To Net: NetName=ACC4 Pin=EAW1-4
Added Pin To Net: NetName=ACC4 Pin=R13-1
Added Pin To Net: NetName=ACC4 Pin=U1-52
Added Net: Name=ACC4
Added Pin To Net: NetName=ACC5 Pin=EAW1-5
Added Pin To Net: NetName=ACC5 Pin=R9-2
Added Pin To Net: NetName=ACC5 Pin=U1-53
Added Net: Name=ACC5
Added Pin To Net: NetName=ACC6 Pin=EAW1-6
Added Pin To Net: NetName=ACC6 Pin=R10-2
Added Pin To Net: NetName=ACC6 Pin=U1-2
Added Net: Name=ACC6
Added Pin To Net: NetName=ACC7 Pin=EAW1-7
Added Pin To Net: NetName=ACC7 Pin=R12-1
Added Pin To Net: NetName=ACC7 Pin=U1-3
Added Net: Name=ACC7
Added Pin To Net: NetName=ACC8 Pin=EAW1-8
Added Pin To Net: NetName=ACC8 Pin=R11-1
Added Pin To Net: NetName=ACC8 Pin=U1-4
Added Net: Name=ACC8
Added Pin To Net: NetName=CS1 Pin=J1-3
Added Pin To Net: NetName=CS1 Pin=U1-20
Added Net: Name=CS1
Added Pin To Net: NetName=CS2 Pin=J1-8
Added Pin To Net: NetName=CS2 Pin=U1-33
Added Net: Name=CS2
Added Pin To Net: NetName=GND Pin=1-2
Added Pin To Net: NetName=GND Pin=C1-1
Added Pin To Net: NetName=GND Pin=C2-1
Added Pin To Net: NetName=GND Pin=C3-1
Added Pin To Net: NetName=GND Pin=C4-1
Added Pin To Net: NetName=GND Pin=C5-1
Added Pin To Net: NetName=GND Pin=C6-1
Added Pin To Net: NetName=GND Pin=C7-1
Added Pin To Net: NetName=GND Pin=C8-1
Added Pin To Net: NetName=GND Pin=C9-1
Added Pin To Net: NetName=GND Pin=EAW1-C
Added Pin To Net: NetName=GND Pin=EAW1-C
Added Pin To Net: NetName=GND Pin=G3T1-5
Added Pin To Net: NetName=GND Pin=J1-4
Added Pin To Net: NetName=GND Pin=J1-S1
Added Pin To Net: NetName=GND Pin=J1-S2
Added Pin To Net: NetName=GND Pin=K1-1
Added Pin To Net: NetName=GND Pin=P1-5
Added Pin To Net: NetName=GND Pin=P2-1
Added Pin To Net: NetName=GND Pin=TSW1-COM A
Added Pin To Net: NetName=GND Pin=TSW1-COM B
Added Pin To Net: NetName=GND Pin=U1-12
Added Pin To Net: NetName=GND Pin=U1-18
Added Pin To Net: NetName=GND Pin=U1-31
Added Pin To Net: NetName=GND Pin=U1-47
Added Pin To Net: NetName=GND Pin=U1-63
Added Net: Name=GND
Added Pin To Net: NetName=L_SIGNAL Pin=G3T1-4
Added Pin To Net: NetName=L_SIGNAL Pin=R4-2
Added Pin To Net: NetName=L_SIGNAL Pin=U1-8
Added Net: Name=L_SIGNAL
Added Pin To Net: NetName=NAV1 Pin=R17-2
Added Pin To Net: NetName=NAV1 Pin=TSW1-S1
Added Pin To Net: NetName=NAV1 Pin=U1-28
Added Net: Name=NAV1
Added Pin To Net: NetName=NAV2 Pin=R18-2
Added Pin To Net: NetName=NAV2 Pin=TSW1-S2
Added Pin To Net: NetName=NAV2 Pin=U1-55
Added Net: Name=NAV2
Added Pin To Net: NetName=NAV3 Pin=R19-2
Added Pin To Net: NetName=NAV3 Pin=TSW1-S3
Added Pin To Net: NetName=NAV3 Pin=U1-56
Added Net: Name=NAV3
Added Pin To Net: NetName=NAV4 Pin=R21-2
Added Pin To Net: NetName=NAV4 Pin=TSW1-S5
Added Pin To Net: NetName=NAV4 Pin=U1-57
Added Net: Name=NAV4
Added Pin To Net: NetName=NAV5 Pin=R20-2
Added Pin To Net: NetName=NAV5 Pin=TSW1-S4
Added Pin To Net: NetName=NAV5 Pin=U1-58
Added Net: Name=NAV5
Added Pin To Net: NetName=Net1_1 Pin=1-1
Added Pin To Net: NetName=Net1_1 Pin=R3-2
Added Pin To Net: NetName=Net1_1 Pin=U1-62
Added Net: Name=Net1_1
Added Pin To Net: NetName=Net1_6 Pin=1-6
Added Pin To Net: NetName=Net1_6 Pin=R2-2
Added Pin To Net: NetName=Net1_6 Pin=U1-61
Added Net: Name=Net1_6
Added Pin To Net: NetName=NetDSC1_1 Pin=R8-1
Added Net: Name=NetDSC1_1
Added Pin To Net: NetName=NetDSC1_3 Pin=R6-2
Added Pin To Net: NetName=NetDSC1_3 Pin=R7-2
Added Net: Name=NetDSC1_3
Added Pin To Net: NetName=NetK1_2 Pin=K1-2
Added Pin To Net: NetName=NetK1_2 Pin=R1-2
Added Pin To Net: NetName=NetK1_2 Pin=U1-59
Added Net: Name=NetK1_2
Added Pin To Net: NetName=NRST Pin=P1-4
Added Pin To Net: NetName=NRST Pin=U1-7
Added Net: Name=NRST
Added Pin To Net: NetName=OSC_IN Pin=R6-1
Added Pin To Net: NetName=OSC_IN Pin=U1-5
Added Net: Name=OSC_IN
Added Pin To Net: NetName=OSC_OUT Pin=R7-1
Added Pin To Net: NetName=OSC_OUT Pin=U1-6
Added Net: Name=OSC_OUT
Added Pin To Net: NetName=R_SIGNAL Pin=G3T1-6
Added Pin To Net: NetName=R_SIGNAL Pin=R5-1
Added Pin To Net: NetName=R_SIGNAL Pin=U1-9
Added Net: Name=R_SIGNAL
Added Pin To Net: NetName=RX Pin=P2-3
Added Pin To Net: NetName=RX Pin=U1-17
Added Net: Name=RX
Added Pin To Net: NetName=SCK1 Pin=J1-1
Added Pin To Net: NetName=SCK1 Pin=U1-21
Added Net: Name=SCK1
Added Pin To Net: NetName=SCK2 Pin=J1-6
Added Pin To Net: NetName=SCK2 Pin=U1-34
Added Net: Name=SCK2
Added Pin To Net: NetName=SDI1 Pin=J1-2
Added Pin To Net: NetName=SDI1 Pin=U1-22
Added Net: Name=SDI1
Added Pin To Net: NetName=SDO2 Pin=J1-7
Added Pin To Net: NetName=SDO2 Pin=U1-36
Added Net: Name=SDO2
Added Pin To Net: NetName=SWCLK Pin=P1-3
Added Pin To Net: NetName=SWCLK Pin=U1-49
Added Net: Name=SWCLK
Added Pin To Net: NetName=SWDIO Pin=P1-2
Added Pin To Net: NetName=SWDIO Pin=U1-46
Added Net: Name=SWDIO
Added Pin To Net: NetName=TX Pin=P2-2
Added Pin To Net: NetName=TX Pin=U1-16
Added Net: Name=TX
Added Member To Class: ClassName=Steering_Wheel_Board Member=Component DSC1 DSC6011
Added Room: Name=Steering_Wheel_Board
