Removed Pin From Net: NetName=L_SIGNAL Pin=G3T1-4
Removed Pin From Net: NetName=GND Pin=G3T1-5
Removed Pin From Net: NetName=R_SIGNAL Pin=G3T1-6
Added Component: Designator=S1(3POSSPDT)
Add component. Clean all parameters for all variants
Add component (AddParameter): Name = "ComponentLink1Description"; Value = "Manufacturer Link"; VariantName = "[No Variations]"
Add component (AddParameter): Name = "ComponentLink1URL"; Value = "http://www.apem.com"; VariantName = "[No Variations]"
Add component (AddParameter): Name = "DatasheetVersion"; Value = "05-Dec-2000"; VariantName = "[No Variations]"
Add component (AddParameter): Name = "LatestRevisionDate"; Value = "17-Dec-2003"; VariantName = "[No Variations]"
Add component (AddParameter): Name = "LatestRevisionNote"; Value = "Schematic revised, PCB Footprint replaced."; VariantName = "[No Variations]"
Add component (AddParameter): Name = "PackageDescription"; Value = "Switch; 4 Leads"; VariantName = "[No Variations]"
Add component (AddParameter): Name = "PackageReference"; Value = "TL36WW15050"; VariantName = "[No Variations]"
Add component (AddParameter): Name = "Published"; Value = "24-Mar-1999"; VariantName = "[No Variations]"
Add component (AddParameter): Name = "Publisher"; Value = "Altium Limited"; VariantName = "[No Variations]"
Added Pin To Net: NetName=R_SIGNAL Pin=S1-1
Added Pin To Net: NetName=GND Pin=S1-2
Added Pin To Net: NetName=L_SIGNAL Pin=S1-3
Added Member To Class: ClassName=Steering_Wheel_Board Member=Component DSC1 DSC6011
Added Member To Class: ClassName=Steering_Wheel_Board Member=Component EAW1 EAW0J-B24-CE0128L
Added Member To Class: ClassName=Steering_Wheel_Board Member=Component J1 5555153-1
Added Member To Class: ClassName=Steering_Wheel_Board Member=Component S1 SW-SPDT
Added Member To Class: ClassName=Steering_Wheel_Board Member=Component TSW1 TSWB3NCB222LFS
Added Member To Class: ClassName=Steering_Wheel_Board Member=Component U1 STM32L4x6RxT6
Added Room: Name=Steering_Wheel_Board
